Not Found: /assets/img/about-video.jpg
Not Found: /assets/img/clients/client-2.png
Not Found: /assets/img/clients/client-1.png
Not Found: /assets/img/clients/client-3.png
Not Found: /assets/img/clients/client-4.png
Not Found: /assets/img/clients/client-5.png
Not Found: /assets/img/clients/client-6.png
Not Found: /assets/img/testimonials/testimonials-1.jpg
Not Found: /assets/img/testimonials/testimonials-2.jpg
Not Found: /assets/img/testimonials/testimonials-3.jpg
Not Found: /assets/img/testimonials/testimonials-4.jpg
Not Found: /assets/img/testimonials/testimonials-5.jpg
Not Found: /assets/img/team/team-2.jpg
Not Found: /assets/img/team/team-3.jpg
Not Found: /assets/img/team/team-4.jpg
Not Found: /assets/img/about-video.jpg
Not Found: /assets/img/clients/client-1.png
Not Found: /assets/img/clients/client-2.png
Not Found: /assets/img/clients/client-3.png
Not Found: /assets/img/clients/client-4.png
Not Found: /assets/img/clients/client-5.png
Not Found: /assets/img/testimonials/testimonials-1.jpg
Not Found: /assets/img/clients/client-6.png
Not Found: /assets/img/testimonials/testimonials-2.jpg
Not Found: /assets/img/testimonials/testimonials-3.jpg
Not Found: /assets/img/testimonials/testimonials-4.jpg
Not Found: /assets/img/testimonials/testimonials-5.jpg
Not Found: /assets/img/team/team-2.jpg
Not Found: /assets/img/team/team-3.jpg
Not Found: /assets/img/team/team-4.jpg
Not Found: /assets/img/testimonials/testimonials-1.jpg
Not Found: /assets/img/testimonials/testimonials-5.jpg
Not Found: /site_statics/site/img/hero-bg.jpg
Not Found: /assets/img/testimonials/testimonials-5.jpg
Not Found: /assets/img/testimonials/testimonials-1.jpg
Not Found: /assets/img/about-video.jpg
Not Found: /assets/img/clients/client-1.png
[UID:1314][1548227] Reached max children process limit: 6, extra: 2, current: 8, busy: 7, please increase LSAPI_CHILDREN.
Not Found: /assets/img/clients/client-3.png
Not Found: /assets/img/clients/client-2.png
Not Found: /assets/img/clients/client-4.png
Not Found: /assets/img/clients/client-6.png
Not Found: /assets/img/clients/client-5.png
Not Found: /assets/img/testimonials/testimonials-2.jpg
Not Found: /assets/img/testimonials/testimonials-3.jpg
Not Found: /assets/img/testimonials/testimonials-4.jpg
[UID:1314][1548227] Reached max children process limit: 6, extra: 2, current: 8, busy: 8, please increase LSAPI_CHILDREN.
Not Found: /assets/img/testimonials/testimonials-5.jpg
Not Found: /assets/img/team/team-2.jpg
Not Found: /assets/img/team/team-3.jpg
Not Found: /assets/img/team/team-4.jpg
[UID:1314][1548227] Reached max children process limit: 6, extra: 2, current: 8, busy: 8, please increase LSAPI_CHILDREN.
[UID:1314][1548227] Reached max children process limit: 6, extra: 2, current: 8, busy: 8, please increase LSAPI_CHILDREN.
[UID:1314][1548227] Reached max children process limit: 6, extra: 2, current: 8, busy: 8, please increase LSAPI_CHILDREN.
[UID:1314][1548227] Reached max children process limit: 6, extra: 2, current: 8, busy: 8, please increase LSAPI_CHILDREN.
[UID:1314][1548227] Reached max children process limit: 6, extra: 2, current: 8, busy: 8, please increase LSAPI_CHILDREN.
[UID:1314][1548227] Reached max children process limit: 6, extra: 2, current: 8, busy: 8, please increase LSAPI_CHILDREN.
[UID:1314][1548227] Reached max children process limit: 6, extra: 2, current: 8, busy: 8, please increase LSAPI_CHILDREN.
[UID:1314][1548227] Reached max children process limit: 6, extra: 2, current: 8, busy: 8, please increase LSAPI_CHILDREN.
[UID:1314][1548227] Reached max children process limit: 6, extra: 2, current: 8, busy: 8, please increase LSAPI_CHILDREN.
[UID:1314][1548227] Reached max children process limit: 6, extra: 2, current: 8, busy: 8, please increase LSAPI_CHILDREN.
[UID:1314][1548227] Reached max children process limit: 6, extra: 2, current: 8, busy: 8, please increase LSAPI_CHILDREN.
[UID:1314][1548227] Reached max children process limit: 6, extra: 2, current: 8, busy: 8, please increase LSAPI_CHILDREN.
[UID:1314][1548227] Reached max children process limit: 6, extra: 2, current: 8, busy: 8, please increase LSAPI_CHILDREN.
[UID:1314][1548227] Reached max children process limit: 6, extra: 2, current: 8, busy: 8, please increase LSAPI_CHILDREN.
Not Found: /assets/img/testimonials/testimonials-1.jpg
Not Found: /site_statics/site/img/hero-bg.jpg
Not Found: /assets/img/testimonials/testimonials-2.jpg
Not Found: /assets/img/testimonials/testimonials-1.jpg
Not Found: /assets/img/testimonials/testimonials-3.jpg
Not Found: /assets/img/testimonials/testimonials-5.jpg
Not Found: /assets/img/testimonials/testimonials-4.jpg
Not Found: /robots.txt/
Not Found: /robots.txt/
Not Found: /favicon.ico/
Not Found: /robots.txt/
Not Found: /assets/img/clients/client-2.png
Not Found: /assets/img/clients/client-4.png
Not Found: /assets/img/about-video.jpg
Not Found: /assets/img/clients/client-3.png
Not Found: /assets/img/clients/client-6.png
Not Found: /assets/img/testimonials/testimonials-1.jpg
Not Found: /assets/img/testimonials/testimonials-2.jpg
Not Found: /assets/img/testimonials/testimonials-3.jpg
Not Found: /assets/img/testimonials/testimonials-4.jpg
Not Found: /assets/img/clients/client-5.png
Not Found: /assets/img/clients/client-1.png
Not Found: /assets/img/testimonials/testimonials-5.jpg
Not Found: /assets/img/team/team-4.jpg
Not Found: /assets/img/team/team-2.jpg
Not Found: /assets/img/team/team-3.jpg
Not Found: /site_statics/site/img/hero-bg.jpg
Not Found: /assets/img/testimonials/testimonials-5.jpg
Not Found: /assets/img/testimonials/testimonials-4.jpg
Not Found: /assets/img/testimonials/testimonials-1.jpg
Not Found: /assets/img/testimonials/testimonials-2.jpg
Not Found: /assets/img/testimonials/testimonials-3.jpg
Not Found: /site_statics/site/js/purecounter_vanilla.js.map
Not Found: /site_statics/site/js/bootstrap.bundle.min.js.map
Not Found: /site_statics/site/js/swiper-bundle.min.js.map
Not Found: /site_statics/site/css/bootstrap.min.css.map
Not Found: /android-icon-144x144.png/
Not Found: /android-icon-36x36.png/
Not Found: /android-icon-48x48.png/
Not Found: /android-icon-72x72.png/
Not Found: /android-icon-96x96.png/
Not Found: /android-icon-144x144.png/
Not Found: /android-icon-192x192.png/
Not Found: /android-icon-36x36.png/
Not Found: /android-icon-48x48.png/
Not Found: /android-icon-72x72.png/
Not Found: /android-icon-96x96.png/
Not Found: /android-icon-144x144.png/
Not Found: /android-icon-192x192.png/
Not Found: /robots.txt/
Not Found: /robots.txt/
Not Found: /robots.txt/
Not Found: /robots.txt/
Not Found: /robots.txt/
Not Found: /robots.txt/
Not Found: /robots.txt/
Not Found: /robots.txt/
Not Found: /robots.txt/
Not Found: /robots.txt/
Not Found: /robots.txt/
Not Found: /robots.txt/
Not Found: /robots.txt/
Not Found: /robots.txt/
Not Found: /robots.txt/
Not Found: /robots.txt/
Not Found: /demo/
Not Found: /robots.txt/
Not Found: /robots.txt/
Not Found: /demo/
Not Found: /robots.txt/
Not Found: /robots.txt/
Internal Server Error: /demo/
Traceback (most recent call last):
  File "/home/hamyarme/virtualenv/dgmenu/3.7/lib/python3.7/site-packages/django/template/base.py", line 829, in _resolve_lookup
    current = current[bit]
TypeError: 'ImageFieldFile' object is not subscriptable

During handling of the above exception, another exception occurred:

Traceback (most recent call last):
  File "/home/hamyarme/virtualenv/dgmenu/3.7/lib/python3.7/site-packages/django/core/handlers/exception.py", line 47, in inner
    response = get_response(request)
  File "/home/hamyarme/virtualenv/dgmenu/3.7/lib/python3.7/site-packages/django/core/handlers/base.py", line 181, in _get_response
    response = wrapped_callback(request, *callback_args, **callback_kwargs)
  File "/home/hamyarme/dgmenu/dgmenu_cafe/views.py", line 30, in cafe_home_page
    res = render(request=request, template_name='dgmenu_cafe/cafe_home_page.html', context=cx)
  File "/home/hamyarme/virtualenv/dgmenu/3.7/lib/python3.7/site-packages/django/shortcuts.py", line 19, in render
    content = loader.render_to_string(template_name, context, request, using=using)
  File "/home/hamyarme/virtualenv/dgmenu/3.7/lib/python3.7/site-packages/django/template/loader.py", line 62, in render_to_string
    return template.render(context, request)
  File "/home/hamyarme/virtualenv/dgmenu/3.7/lib/python3.7/site-packages/django/template/backends/django.py", line 61, in render
    return self.template.render(context)
  File "/home/hamyarme/virtualenv/dgmenu/3.7/lib/python3.7/site-packages/django/template/base.py", line 170, in render
    return self._render(context)
  File "/home/hamyarme/virtualenv/dgmenu/3.7/lib/python3.7/site-packages/django/template/base.py", line 162, in _render
    return self.nodelist.render(context)
  File "/home/hamyarme/virtualenv/dgmenu/3.7/lib/python3.7/site-packages/django/template/base.py", line 938, in render
    bit = node.render_annotated(context)
  File "/home/hamyarme/virtualenv/dgmenu/3.7/lib/python3.7/site-packages/django/template/base.py", line 905, in render_annotated
    return self.render(context)
  File "/home/hamyarme/virtualenv/dgmenu/3.7/lib/python3.7/site-packages/django/template/loader_tags.py", line 150, in render
    return compiled_parent._render(context)
  File "/home/hamyarme/virtualenv/dgmenu/3.7/lib/python3.7/site-packages/django/template/base.py", line 162, in _render
    return self.nodelist.render(context)
  File "/home/hamyarme/virtualenv/dgmenu/3.7/lib/python3.7/site-packages/django/template/base.py", line 938, in render
    bit = node.render_annotated(context)
  File "/home/hamyarme/virtualenv/dgmenu/3.7/lib/python3.7/site-packages/django/template/base.py", line 905, in render_annotated
    return self.render(context)
  File "/home/hamyarme/virtualenv/dgmenu/3.7/lib/python3.7/site-packages/django_render_partial/templatetags/render_partial.py", line 37, in render
    v = view(request, *args, **kwargs)
  File "/home/hamyarme/dgmenu/dgmenu_cafe/views.py", line 111, in partial_view
    return render(request, 'shared/cafe/_HeaderReferences.html', cx)
  File "/home/hamyarme/virtualenv/dgmenu/3.7/lib/python3.7/site-packages/django/shortcuts.py", line 19, in render
    content = loader.render_to_string(template_name, context, request, using=using)
  File "/home/hamyarme/virtualenv/dgmenu/3.7/lib/python3.7/site-packages/django/template/loader.py", line 62, in render_to_string
    return template.render(context, request)
  File "/home/hamyarme/virtualenv/dgmenu/3.7/lib/python3.7/site-packages/django/template/backends/django.py", line 61, in render
    return self.template.render(context)
  File "/home/hamyarme/virtualenv/dgmenu/3.7/lib/python3.7/site-packages/django/template/base.py", line 170, in render
    return self._render(context)
  File "/home/hamyarme/virtualenv/dgmenu/3.7/lib/python3.7/site-packages/django/template/base.py", line 162, in _render
    return self.nodelist.render(context)
  File "/home/hamyarme/virtualenv/dgmenu/3.7/lib/python3.7/site-packages/django/template/base.py", line 938, in render
    bit = node.render_annotated(context)
  File "/home/hamyarme/virtualenv/dgmenu/3.7/lib/python3.7/site-packages/django/template/base.py", line 905, in render_annotated
    return self.render(context)
  File "/home/hamyarme/virtualenv/dgmenu/3.7/lib/python3.7/site-packages/django/template/base.py", line 988, in render
    output = self.filter_expression.resolve(context)
  File "/home/hamyarme/virtualenv/dgmenu/3.7/lib/python3.7/site-packages/django/template/base.py", line 671, in resolve
    obj = self.var.resolve(context)
  File "/home/hamyarme/virtualenv/dgmenu/3.7/lib/python3.7/site-packages/django/template/base.py", line 796, in resolve
    value = self._resolve_lookup(context)
  File "/home/hamyarme/virtualenv/dgmenu/3.7/lib/python3.7/site-packages/django/template/base.py", line 837, in _resolve_lookup
    current = getattr(current, bit)
  File "/home/hamyarme/virtualenv/dgmenu/3.7/lib/python3.7/site-packages/django/db/models/fields/files.py", line 63, in url
    self._require_file()
  File "/home/hamyarme/virtualenv/dgmenu/3.7/lib/python3.7/site-packages/django/db/models/fields/files.py", line 40, in _require_file
    raise ValueError("The '%s' attribute has no file associated with it." % self.field.name)
ValueError: The 'Cafe_favicon' attribute has no file associated with it.
Not Found: /robots.txt/
Not Found: /robots.txt/
Not Found: /robots.txt/
/home/hamyarme/virtualenv/dgmenu/3.7/lib/python3.7/site-packages/django/db/models/fields/__init__.py:1419: RuntimeWarning: DateTimeField ViewOfPage.Time received a naive datetime (2022-11-03 03:14:32.610225) while time zone support is active.
  RuntimeWarning)
Not Found: /robots.txt/
Not Found: /media/default/menu-page.jpg
Not Found: /media/default/banner.jpg
Not Found: /media/default/banner.jpg
Not Found: /media/default/menu-page.jpg
Not Found: /site_statics/js/bootstrap.min.js.map
Not Found: /site_statics/css/bootstrap.min.css.map
Not Found: /robots.txt/
Not Found: /robots.txt/
Not Found: /robots.txt/
/home/hamyarme/virtualenv/dgmenu/3.7/lib/python3.7/site-packages/django/db/models/fields/__init__.py:1419: RuntimeWarning: DateTimeField ViewOfPage.Time received a naive datetime (2022-11-03 03:20:01.067593) while time zone support is active.
  RuntimeWarning)
Not Found: /robots.txt/
/home/hamyarme/virtualenv/dgmenu/3.7/lib/python3.7/site-packages/django/db/models/fields/__init__.py:1419: RuntimeWarning: DateTimeField ViewOfPage.Time received a naive datetime (2022-11-03 03:14:53.181256) while time zone support is active.
  RuntimeWarning)
Not Found: /site_statics/js/bootstrap.min.js.map
Not Found: /site_statics/css/bootstrap.min.css.map
Not Found: /accounts/login/favicon.ico
/home/hamyarme/virtualenv/dgmenu/3.7/lib/python3.7/site-packages/django/db/models/fields/__init__.py:1419: RuntimeWarning: DateTimeField ViewOfPage.Time received a naive datetime (2022-11-03 03:20:25.195474) while time zone support is active.
  RuntimeWarning)
/home/hamyarme/virtualenv/dgmenu/3.7/lib/python3.7/site-packages/django/db/models/fields/__init__.py:1419: RuntimeWarning: DateTimeField ViewOfPage.Time received a naive datetime (2022-11-03 03:25:19.412697) while time zone support is active.
  RuntimeWarning)
Not Found: /adminpanel/favicon.ico
/home/hamyarme/virtualenv/dgmenu/3.7/lib/python3.7/site-packages/django/db/models/fields/__init__.py:1419: RuntimeWarning: DateTimeField ViewOfPage.Time received a naive datetime (2022-11-03 03:21:09.374578) while time zone support is active.
  RuntimeWarning)
Not Found: /adminpanel/category/favicon.ico
Not Found: /adminpanel/food/create/favicon.ico
Not Found: /adminpanel/team/favicon.ico
Not Found: /adminpanel/settings/update/favicon.ico
Not Found: /adminpanel/about/favicon.ico
Not Found: /adminpanel/settings/update/favicon.ico
Not Found: /apple-touch-icon-precomposed.png/
Not Found: /favicon.ico/
Not Found: /apple-touch-icon.png/
Not Found: /apple-touch-icon-120x120-precomposed.png/
Not Found: /apple-touch-icon-120x120.png/
Not Found: /apple-touch-icon-precomposed.png/
Not Found: /apple-touch-icon.png/
Not Found: /accounts/login/favicon.ico
Not Found: /favicon.ico/
Not Found: /apple-touch-icon-120x120-precomposed.png/
Not Found: /apple-touch-icon-120x120.png/
Not Found: /apple-touch-icon-precomposed.png/
Not Found: /apple-touch-icon.png/
Not Found: /accounts/login/favicon.ico
Not Found: /favicon.ico/
Not Found: /adminpanel/favicon.ico
Not Found: /favicon.ico/
Not Found: /apple-touch-icon-precomposed.png/
Not Found: /apple-touch-icon.png/
Not Found: /apple-touch-icon-120x120-precomposed.png/
Not Found: /android-icon-144x144.png/
Not Found: /android-icon-48x48.png/
Not Found: /android-icon-72x72.png/
Not Found: /android-icon-96x96.png/
Not Found: /android-icon-144x144.png/
Not Found: /android-icon-192x192.png/
Not Found: /adminpanel/team/create/favicon.ico
Not Found: /adminpanel/category/create/favicon.ico
Not Found: /adminpanel/gallery/favicon.ico
Not Found: /robots.txt/
Not Found: /adminpnael/
Not Found: /robots.txt/
Not Found: /robots.txt/
Not Found: /adminpanel/favicon.ico
Not Found: /robots.txt/
Not Found: /adminpanel/about/favicon.ico
Not Found: /robots.txt/
Not Found: /adminpanel/settings/update/favicon.ico
Not Found: /robots.txt/
Not Found: /assets/img/clients/client-1.png
Not Found: /assets/img/clients/client-2.png
Not Found: /assets/img/clients/client-4.png
Not Found: /assets/img/clients/client-5.png
Not Found: /assets/img/clients/client-3.png
Not Found: /assets/img/about-video.jpg
Not Found: /assets/img/clients/client-6.png
Not Found: /site_statics/site/img/hero-bg.jpg
Not Found: /assets/img/testimonials/testimonials-1.jpg
Not Found: /assets/img/testimonials/testimonials-2.jpg
Not Found: /assets/img/testimonials/testimonials-3.jpg
Not Found: /assets/img/testimonials/testimonials-5.jpg
Not Found: /assets/img/team/team-3.jpg
Not Found: /assets/img/testimonials/testimonials-1.jpg
Not Found: /assets/img/team/team-2.jpg
Not Found: /assets/img/testimonials/testimonials-4.jpg
Not Found: /assets/img/team/team-4.jpg
Not Found: /assets/img/about-video.jpg
Not Found: /assets/img/clients/client-2.png
Not Found: /assets/img/clients/client-3.png
Not Found: /assets/img/clients/client-5.png
Not Found: /assets/img/clients/client-1.png
Not Found: /site_statics/site/img/hero-bg.jpg
Not Found: /assets/img/clients/client-4.png
Not Found: /assets/img/clients/client-6.png
Not Found: /assets/img/testimonials/testimonials-3.jpg
Not Found: /assets/img/testimonials/testimonials-1.jpg
Not Found: /assets/img/testimonials/testimonials-4.jpg
Not Found: /assets/img/team/team-2.jpg
Not Found: /assets/img/team/team-3.jpg
Not Found: /assets/img/team/team-4.jpg
Not Found: /assets/img/testimonials/testimonials-5.jpg
Not Found: /assets/img/testimonials/testimonials-2.jpg
Not Found: /assets/img/about-video.jpg
Not Found: /assets/img/clients/client-1.png
Not Found: /site_statics/site/img/hero-bg.jpg
Not Found: /assets/img/clients/client-2.png
Not Found: /assets/img/clients/client-3.png
Not Found: /assets/img/clients/client-5.png
Not Found: /assets/img/clients/client-4.png
Not Found: /assets/img/clients/client-6.png
Not Found: /assets/img/testimonials/testimonials-1.jpg
Not Found: /assets/img/testimonials/testimonials-2.jpg
Not Found: /assets/img/testimonials/testimonials-3.jpg
Not Found: /assets/img/testimonials/testimonials-5.jpg
Not Found: /assets/img/testimonials/testimonials-4.jpg
Not Found: /assets/img/team/team-3.jpg
Not Found: /assets/img/team/team-4.jpg
Not Found: /assets/img/team/team-2.jpg
Not Found: /assets/img/about-video.jpg
Not Found: /assets/img/clients/client-1.png
Not Found: /site_statics/site/img/hero-bg.jpg
Not Found: /assets/img/clients/client-5.png
Not Found: /assets/img/clients/client-4.png
Not Found: /assets/img/clients/client-3.png
Not Found: /assets/img/clients/client-2.png
Not Found: /assets/img/testimonials/testimonials-3.jpg
Not Found: /assets/img/testimonials/testimonials-2.jpg
Not Found: /assets/img/clients/client-6.png
Not Found: /assets/img/testimonials/testimonials-1.jpg
Not Found: /assets/img/testimonials/testimonials-4.jpg
Not Found: /assets/img/testimonials/testimonials-5.jpg
Not Found: /assets/img/team/team-4.jpg
Not Found: /assets/img/team/team-2.jpg
Not Found: /assets/img/team/team-3.jpg
Not Found: /assets/img/about-video.jpg
Not Found: /assets/img/clients/client-1.png
Not Found: /assets/img/clients/client-3.png
Not Found: /assets/img/clients/client-2.png
Not Found: /assets/img/testimonials/testimonials-3.jpg
Not Found: /assets/img/testimonials/testimonials-4.jpg
Not Found: /assets/img/testimonials/testimonials-5.jpg
Not Found: /assets/img/testimonials/testimonials-2.jpg
Not Found: /assets/img/clients/client-6.png
Not Found: /assets/img/clients/client-4.png
Not Found: /assets/img/testimonials/testimonials-1.jpg
Not Found: /assets/img/clients/client-5.png
Not Found: /assets/img/team/team-2.jpg
Not Found: /assets/img/team/team-3.jpg
Not Found: /assets/img/team/team-4.jpg
Not Found: /assets/img/testimonials/testimonials-5.jpg
Not Found: /assets/img/testimonials/testimonials-1.jpg
Not Found: /site_statics/site/img/hero-bg.jpg
Not Found: /accounts/login/favicon.ico
Not Found: /assets/img/about-video.jpg
Not Found: /assets/img/clients/client-1.png
Not Found: /assets/img/clients/client-2.png
Not Found: /assets/img/clients/client-5.png
Not Found: /assets/img/clients/client-4.png
Not Found: /assets/img/clients/client-6.png
Not Found: /assets/img/testimonials/testimonials-1.jpg
Not Found: /assets/img/clients/client-3.png
Not Found: /assets/img/testimonials/testimonials-3.jpg
Not Found: /assets/img/testimonials/testimonials-4.jpg
Not Found: /assets/img/testimonials/testimonials-2.jpg
Not Found: /assets/img/team/team-2.jpg
Not Found: /assets/img/testimonials/testimonials-5.jpg
Not Found: /assets/img/team/team-3.jpg
Not Found: /assets/img/team/team-4.jpg
Not Found: /site_statics/site/img/hero-bg.jpg
Not Found: /assets/img/testimonials/testimonials-1.jpg
Not Found: /assets/img/about-video.jpg
Not Found: /assets/img/clients/client-1.png
Not Found: /assets/img/clients/client-2.png
Not Found: /assets/img/clients/client-4.png
Not Found: /assets/img/clients/client-6.png
Not Found: /assets/img/testimonials/testimonials-1.jpg
Not Found: /assets/img/clients/client-3.png
Not Found: /assets/img/clients/client-5.png
Not Found: /assets/img/testimonials/testimonials-2.jpg
Not Found: /assets/img/testimonials/testimonials-3.jpg
Not Found: /assets/img/testimonials/testimonials-4.jpg
Not Found: /assets/img/team/team-2.jpg
Not Found: /assets/img/testimonials/testimonials-5.jpg
Not Found: /assets/img/team/team-3.jpg
Not Found: /assets/img/team/team-4.jpg
/home/hamyarme/virtualenv/dgmenu/3.7/lib/python3.7/site-packages/django/db/models/fields/__init__.py:1419: RuntimeWarning: DateTimeField ViewOfPage.Time received a naive datetime (2022-11-03 18:15:48.689473) while time zone support is active.
  RuntimeWarning)
/home/hamyarme/virtualenv/dgmenu/3.7/lib/python3.7/site-packages/django/db/models/fields/__init__.py:1419: RuntimeWarning: DateTimeField ViewOfPage.Time received a naive datetime (2022-11-03 18:16:04.970738) while time zone support is active.
  RuntimeWarning)
/home/hamyarme/virtualenv/dgmenu/3.7/lib/python3.7/site-packages/django/db/models/fields/__init__.py:1419: RuntimeWarning: DateTimeField ViewOfPage.Time received a naive datetime (2022-11-03 18:16:09.476978) while time zone support is active.
  RuntimeWarning)
/home/hamyarme/virtualenv/dgmenu/3.7/lib/python3.7/site-packages/django/db/models/fields/__init__.py:1419: RuntimeWarning: DateTimeField ViewOfPage.Time received a naive datetime (2022-11-03 18:16:16.129601) while time zone support is active.
  RuntimeWarning)
/home/hamyarme/virtualenv/dgmenu/3.7/lib/python3.7/site-packages/django/db/models/fields/__init__.py:1419: RuntimeWarning: DateTimeField ViewOfPage.Time received a naive datetime (2022-11-03 18:17:25.865499) while time zone support is active.
  RuntimeWarning)
Not Found: /assets/img/clients/client-2.png
Not Found: /assets/img/team/team-3.jpg
Not Found: /assets/img/about-video.jpg
Not Found: /site_statics/site/img/hero-bg.jpg
Not Found: /assets/img/testimonials/testimonials-2.jpg
Not Found: /assets/img/clients/client-1.png
Not Found: /assets/img/testimonials/testimonials-4.jpg
Not Found: /assets/img/testimonials/testimonials-5.jpg
Not Found: /assets/img/clients/client-4.png
Not Found: /assets/img/clients/client-5.png
Not Found: /assets/img/team/team-2.jpg
Not Found: /assets/img/clients/client-6.png
Not Found: /assets/img/clients/client-3.png
Not Found: /assets/img/testimonials/testimonials-1.jpg
Not Found: /assets/img/clients/client-1.png
Not Found: /assets/img/about-video.jpg
Not Found: /assets/img/clients/client-2.png
Not Found: /assets/img/clients/client-3.png
Not Found: /assets/img/clients/client-4.png
Not Found: /assets/img/clients/client-5.png
Not Found: /assets/img/clients/client-6.png
Not Found: /assets/img/testimonials/testimonials-2.jpg
Not Found: /assets/img/testimonials/testimonials-1.jpg
Not Found: /assets/img/testimonials/testimonials-3.jpg
Not Found: /assets/img/testimonials/testimonials-4.jpg
Not Found: /assets/img/team/team-4.jpg
Not Found: /site_statics/site/img/hero-bg.jpg
Not Found: /assets/img/team/team-2.jpg
Not Found: /assets/img/testimonials/testimonials-5.jpg
Not Found: /assets/img/team/team-3.jpg
/home/hamyarme/virtualenv/dgmenu/3.7/lib/python3.7/site-packages/django/db/models/fields/__init__.py:1419: RuntimeWarning: DateTimeField ViewOfPage.Time received a naive datetime (2022-11-03 18:45:39.941488) while time zone support is active.
  RuntimeWarning)
Internal Server Error: /site_statics/site/fav/favicon-16x16.png
Traceback (most recent call last):
  File "/home/hamyarme/virtualenv/dgmenu/3.7/lib/python3.7/site-packages/django/core/handlers/exception.py", line 47, in inner
    response = get_response(request)
  File "/home/hamyarme/virtualenv/dgmenu/3.7/lib/python3.7/site-packages/django/utils/deprecation.py", line 116, in __call__
    response = self.process_request(request)
  File "/home/hamyarme/virtualenv/dgmenu/3.7/lib/python3.7/site-packages/django/middleware/common.py", line 53, in process_request
    if self.should_redirect_with_slash(request):
  File "/home/hamyarme/virtualenv/dgmenu/3.7/lib/python3.7/site-packages/django/middleware/common.py", line 70, in should_redirect_with_slash
    if not is_valid_path(request.path_info, urlconf):
  File "/home/hamyarme/virtualenv/dgmenu/3.7/lib/python3.7/site-packages/django/urls/base.py", line 153, in is_valid_path
    return resolve(path, urlconf)
  File "/home/hamyarme/virtualenv/dgmenu/3.7/lib/python3.7/site-packages/django/urls/base.py", line 24, in resolve
    return get_resolver(urlconf).resolve(path)
  File "/home/hamyarme/virtualenv/dgmenu/3.7/lib/python3.7/site-packages/django/urls/resolvers.py", line 556, in resolve
    for pattern in self.url_patterns:
  File "/home/hamyarme/virtualenv/dgmenu/3.7/lib/python3.7/site-packages/django/utils/functional.py", line 48, in __get__
    res = instance.__dict__[self.name] = self.func(instance)
  File "/home/hamyarme/virtualenv/dgmenu/3.7/lib/python3.7/site-packages/django/urls/resolvers.py", line 598, in url_patterns
    patterns = getattr(self.urlconf_module, "urlpatterns", self.urlconf_module)
  File "/home/hamyarme/virtualenv/dgmenu/3.7/lib/python3.7/site-packages/django/utils/functional.py", line 48, in __get__
    res = instance.__dict__[self.name] = self.func(instance)
  File "/home/hamyarme/virtualenv/dgmenu/3.7/lib/python3.7/site-packages/django/urls/resolvers.py", line 591, in urlconf_module
    return import_module(self.urlconf_name)
  File "/opt/alt/python37/lib64/python3.7/importlib/__init__.py", line 127, in import_module
    return _bootstrap._gcd_import(name[level:], package, level)
  File "<frozen importlib._bootstrap>", line 1006, in _gcd_import
  File "<frozen importlib._bootstrap>", line 983, in _find_and_load
  File "<frozen importlib._bootstrap>", line 967, in _find_and_load_unlocked
  File "<frozen importlib._bootstrap>", line 677, in _load_unlocked
  File "<frozen importlib._bootstrap_external>", line 728, in exec_module
  File "<frozen importlib._bootstrap>", line 219, in _call_with_frames_removed
  File "/home/hamyarme/dgmenu/dgmenu/urls.py", line 5, in <module>
    all_cafe = Cafe.objects.filter(Admin_Is_Active=True).all()
NameError: name 'Cafe' is not defined
Internal Server Error: /
Traceback (most recent call last):
  File "/home/hamyarme/virtualenv/dgmenu/3.7/lib/python3.7/site-packages/django/core/handlers/exception.py", line 47, in inner
    response = get_response(request)
  File "/home/hamyarme/virtualenv/dgmenu/3.7/lib/python3.7/site-packages/django/core/handlers/base.py", line 167, in _get_response
    callback, callback_args, callback_kwargs = self.resolve_request(request)
  File "/home/hamyarme/virtualenv/dgmenu/3.7/lib/python3.7/site-packages/django/core/handlers/base.py", line 290, in resolve_request
    resolver_match = resolver.resolve(request.path_info)
  File "/home/hamyarme/virtualenv/dgmenu/3.7/lib/python3.7/site-packages/django/urls/resolvers.py", line 556, in resolve
    for pattern in self.url_patterns:
  File "/home/hamyarme/virtualenv/dgmenu/3.7/lib/python3.7/site-packages/django/utils/functional.py", line 48, in __get__
    res = instance.__dict__[self.name] = self.func(instance)
  File "/home/hamyarme/virtualenv/dgmenu/3.7/lib/python3.7/site-packages/django/urls/resolvers.py", line 598, in url_patterns
    patterns = getattr(self.urlconf_module, "urlpatterns", self.urlconf_module)
  File "/home/hamyarme/virtualenv/dgmenu/3.7/lib/python3.7/site-packages/django/utils/functional.py", line 48, in __get__
    res = instance.__dict__[self.name] = self.func(instance)
  File "/home/hamyarme/virtualenv/dgmenu/3.7/lib/python3.7/site-packages/django/urls/resolvers.py", line 591, in urlconf_module
    return import_module(self.urlconf_name)
  File "/opt/alt/python37/lib64/python3.7/importlib/__init__.py", line 127, in import_module
    return _bootstrap._gcd_import(name[level:], package, level)
  File "<frozen importlib._bootstrap>", line 1006, in _gcd_import
  File "<frozen importlib._bootstrap>", line 983, in _find_and_load
  File "<frozen importlib._bootstrap>", line 967, in _find_and_load_unlocked
  File "<frozen importlib._bootstrap>", line 677, in _load_unlocked
  File "<frozen importlib._bootstrap_external>", line 728, in exec_module
  File "<frozen importlib._bootstrap>", line 219, in _call_with_frames_removed
  File "/home/hamyarme/dgmenu/dgmenu/urls.py", line 5, in <module>
    all_cafe = Cafe.objects.filter(Admin_Is_Active=True).all()
NameError: name 'Cafe' is not defined
Internal Server Error: /
Traceback (most recent call last):
  File "/home/hamyarme/virtualenv/dgmenu/3.7/lib/python3.7/site-packages/django/core/handlers/exception.py", line 47, in inner
    response = get_response(request)
  File "/home/hamyarme/virtualenv/dgmenu/3.7/lib/python3.7/site-packages/django/core/handlers/base.py", line 167, in _get_response
    callback, callback_args, callback_kwargs = self.resolve_request(request)
  File "/home/hamyarme/virtualenv/dgmenu/3.7/lib/python3.7/site-packages/django/core/handlers/base.py", line 290, in resolve_request
    resolver_match = resolver.resolve(request.path_info)
  File "/home/hamyarme/virtualenv/dgmenu/3.7/lib/python3.7/site-packages/django/urls/resolvers.py", line 556, in resolve
    for pattern in self.url_patterns:
  File "/home/hamyarme/virtualenv/dgmenu/3.7/lib/python3.7/site-packages/django/utils/functional.py", line 48, in __get__
    res = instance.__dict__[self.name] = self.func(instance)
  File "/home/hamyarme/virtualenv/dgmenu/3.7/lib/python3.7/site-packages/django/urls/resolvers.py", line 598, in url_patterns
    patterns = getattr(self.urlconf_module, "urlpatterns", self.urlconf_module)
  File "/home/hamyarme/virtualenv/dgmenu/3.7/lib/python3.7/site-packages/django/utils/functional.py", line 48, in __get__
    res = instance.__dict__[self.name] = self.func(instance)
  File "/home/hamyarme/virtualenv/dgmenu/3.7/lib/python3.7/site-packages/django/urls/resolvers.py", line 591, in urlconf_module
    return import_module(self.urlconf_name)
  File "/opt/alt/python37/lib64/python3.7/importlib/__init__.py", line 127, in import_module
    return _bootstrap._gcd_import(name[level:], package, level)
  File "<frozen importlib._bootstrap>", line 1006, in _gcd_import
  File "<frozen importlib._bootstrap>", line 983, in _find_and_load
  File "<frozen importlib._bootstrap>", line 967, in _find_and_load_unlocked
  File "<frozen importlib._bootstrap>", line 677, in _load_unlocked
  File "<frozen importlib._bootstrap_external>", line 728, in exec_module
  File "<frozen importlib._bootstrap>", line 219, in _call_with_frames_removed
  File "/home/hamyarme/dgmenu/dgmenu/urls.py", line 5, in <module>
    all_cafe = Cafe.objects.filter().all()
NameError: name 'Cafe' is not defined
Not Found: /assets/img/about-video.jpg
Not Found: /assets/img/clients/client-1.png
Not Found: /assets/img/clients/client-2.png
Not Found: /assets/img/clients/client-3.png
Not Found: /assets/img/clients/client-6.png
Not Found: /assets/img/testimonials/testimonials-1.jpg
Not Found: /assets/img/clients/client-5.png
Not Found: /assets/img/testimonials/testimonials-2.jpg
Not Found: /assets/img/testimonials/testimonials-3.jpg
Not Found: /assets/img/testimonials/testimonials-5.jpg
Not Found: /assets/img/team/team-2.jpg
Not Found: /assets/img/testimonials/testimonials-4.jpg
Not Found: /assets/img/team/team-3.jpg
Not Found: /assets/img/team/team-4.jpg
Not Found: /assets/img/clients/client-4.png
Not Found: /site_statics/site/img/hero-bg.jpg
Not Found: /sitemap/
Not Found: /favicon.ico/
Not Found: /assets/img/about-video.jpg
Not Found: /assets/img/clients/client-1.png
Not Found: /assets/img/clients/client-2.png
Not Found: /assets/img/clients/client-3.png
Not Found: /assets/img/clients/client-4.png
Not Found: /assets/img/clients/client-6.png
Not Found: /assets/img/testimonials/testimonials-1.jpg
Not Found: /assets/img/clients/client-5.png
Not Found: /assets/img/testimonials/testimonials-2.jpg
Not Found: /assets/img/testimonials/testimonials-3.jpg
Not Found: /assets/img/team/team-4.jpg
Not Found: /assets/img/testimonials/testimonials-4.jpg
Not Found: /assets/img/testimonials/testimonials-5.jpg
Not Found: /assets/img/team/team-2.jpg
Not Found: /assets/img/team/team-3.jpg
Not Found: /site_statics/site/img/hero-bg.jpg
Not Found: /assets/img/about-video.jpg
Not Found: /assets/img/clients/client-2.png
Not Found: /assets/img/clients/client-3.png
Not Found: /assets/img/clients/client-4.png
Not Found: /assets/img/clients/client-6.png
Not Found: /assets/img/testimonials/testimonials-1.jpg
Not Found: /assets/img/testimonials/testimonials-2.jpg
Not Found: /assets/img/testimonials/testimonials-4.jpg
Not Found: /assets/img/testimonials/testimonials-3.jpg
Not Found: /assets/img/testimonials/testimonials-5.jpg
Not Found: /assets/img/team/team-2.jpg
Not Found: /assets/img/team/team-3.jpg
Not Found: /assets/img/team/team-4.jpg
Not Found: /assets/img/clients/client-1.png
Not Found: /assets/img/clients/client-5.png
Not Found: /assets/img/testimonials/testimonials-1.jpg
Not Found: /assets/img/clients/client-2.png
Not Found: /assets/img/about-video.jpg
Not Found: /assets/img/clients/client-6.png
Not Found: /assets/img/testimonials/testimonials-1.jpg
Not Found: /assets/img/testimonials/testimonials-2.jpg
Not Found: /assets/img/testimonials/testimonials-3.jpg
Not Found: /assets/img/testimonials/testimonials-4.jpg
Not Found: /assets/img/testimonials/testimonials-5.jpg
Not Found: /assets/img/team/team-2.jpg
Not Found: /assets/img/team/team-3.jpg
Not Found: /assets/img/team/team-4.jpg
Not Found: /site_statics/site/img/hero-bg.jpg
Not Found: /assets/img/testimonials/testimonials-1.jpg
Not Found: /assets/img/testimonials/testimonials-2.jpg
Not Found: /assets/img/testimonials/testimonials-3.jpg
Not Found: /assets/img/testimonials/testimonials-5.jpg
Not Found: /assets/img/testimonials/testimonials-4.jpg
Not Found: /assets/img/clients/client-1.png
Not Found: /assets/img/clients/client-3.png
Not Found: /assets/img/clients/client-4.png
Not Found: /assets/img/clients/client-5.png
Not Found: /demo/
Not Found: /demo/
/home/hamyarme/virtualenv/dgmenu/3.7/lib/python3.7/site-packages/django/db/models/fields/__init__.py:1419: RuntimeWarning: DateTimeField ViewOfPage.Time received a naive datetime (2022-11-03 19:23:49.010767) while time zone support is active.
  RuntimeWarning)
/home/hamyarme/virtualenv/dgmenu/3.7/lib/python3.7/site-packages/django/db/models/fields/__init__.py:1419: RuntimeWarning: DateTimeField ViewOfPage.Time received a naive datetime (2022-11-03 19:23:26.412192) while time zone support is active.
  RuntimeWarning)
/home/hamyarme/virtualenv/dgmenu/3.7/lib/python3.7/site-packages/django/db/models/fields/__init__.py:1419: RuntimeWarning: DateTimeField ViewOfPage.Time received a naive datetime (2022-11-03 19:24:15.458477) while time zone support is active.
  RuntimeWarning)
Not Found: /site_statics/css/bootstrap.min.css.map
/home/hamyarme/virtualenv/dgmenu/3.7/lib/python3.7/site-packages/django/db/models/fields/__init__.py:1419: RuntimeWarning: DateTimeField ViewOfPage.Time received a naive datetime (2022-11-03 19:24:31.584339) while time zone support is active.
  RuntimeWarning)
Not Found: /site_statics/css/bootstrap.min.css.map
Not Found: /site_statics/js/bootstrap.min.js.map
Not Found: /robots.txt/
Not Found: /robots.txt/
Not Found: /site_statics/css/bootstrap.min.css.map
Not Found: /site_statics/js/bootstrap.min.js.map
Not Found: /site_statics/fonts/Pelak/woff2/Pelak-Medium.woff2
/home/hamyarme/virtualenv/dgmenu/3.7/lib/python3.7/site-packages/django/db/models/fields/__init__.py:1419: RuntimeWarning: DateTimeField ViewOfPage.Time received a naive datetime (2022-11-03 19:30:54.630925) while time zone support is active.
  RuntimeWarning)
Not Found: /site_statics/fonts/Pelak/woff2/Pelak-Bold.woff2
Not Found: /site_statics/fonts/IRANYekan/woff/iranyekanwebboldfanum.woff
Not Found: /site_statics/fonts/IRANYekan/ttf/iranyekanwebboldfanum.ttf
Not Found: /site_statics/fonts/Pelak/woff/Pelak-Bold.woff
Not Found: /site_statics/fonts/Pelak/woff/Pelak-Medium.woff
Not Found: /site_statics/fonts/Pelak/otf/Pelak-Bold.otf
Not Found: /site_statics/fonts/Pelak/otf/Pelak-Medium.otf
/home/hamyarme/virtualenv/dgmenu/3.7/lib/python3.7/site-packages/django/db/models/fields/__init__.py:1419: RuntimeWarning: DateTimeField ViewOfPage.Time received a naive datetime (2022-11-03 19:34:15.214864) while time zone support is active.
  RuntimeWarning)
Not Found: /robots.txt/
Not Found: /site_statics/css/bootstrap.min.css.map
Not Found: /robots.txt/
Not Found: /site_statics/js/bootstrap.min.js.map
/home/hamyarme/virtualenv/dgmenu/3.7/lib/python3.7/site-packages/django/db/models/fields/__init__.py:1419: RuntimeWarning: DateTimeField ViewOfPage.Time received a naive datetime (2022-11-03 19:34:33.345542) while time zone support is active.
  RuntimeWarning)
Not Found: /site_statics/css/bootstrap.min.css.map
Not Found: /site_statics/js/bootstrap.min.js.map
Not Found: /robots.txt/
/home/hamyarme/virtualenv/dgmenu/3.7/lib/python3.7/site-packages/django/db/models/fields/__init__.py:1419: RuntimeWarning: DateTimeField ViewOfPage.Time received a naive datetime (2022-11-03 19:34:44.676678) while time zone support is active.
  RuntimeWarning)
Not Found: /robots.txt/
Not Found: /site_statics/js/bootstrap.min.js.map
Not Found: /site_statics/css/bootstrap.min.css.map
/home/hamyarme/virtualenv/dgmenu/3.7/lib/python3.7/site-packages/django/db/models/fields/__init__.py:1419: RuntimeWarning: DateTimeField ViewOfPage.Time received a naive datetime (2022-11-03 19:34:48.985900) while time zone support is active.
  RuntimeWarning)
Not Found: /site_statics/css/bootstrap.min.css.map
Not Found: /robots.txt/
Not Found: /site_statics/js/bootstrap.min.js.map
/home/hamyarme/virtualenv/dgmenu/3.7/lib/python3.7/site-packages/django/db/models/fields/__init__.py:1419: RuntimeWarning: DateTimeField ViewOfPage.Time received a naive datetime (2022-11-03 19:35:15.029361) while time zone support is active.
  RuntimeWarning)
Not Found: /site_statics/css/bootstrap.min.css.map
Not Found: /site_statics/js/bootstrap.min.js.map
Not Found: /robots.txt/
Not Found: /robots.txt/
Not Found: /site_statics/css/bootstrap.min.css.map
Not Found: /site_statics/js/bootstrap.min.js.map
Not Found: /site_statics/fonts/Pelak/woff2/Pelak-Medium.woff2
Not Found: /site_statics/fonts/IRANYekan/woff/iranyekanwebboldfanum.woff
Not Found: /site_statics/fonts/Pelak/woff2/Pelak-Bold.woff2
Not Found: /site_statics/fonts/Pelak/woff/Pelak-Medium.woff
Not Found: /site_statics/fonts/IRANYekan/ttf/iranyekanwebboldfanum.ttf
Not Found: /site_statics/fonts/Pelak/woff/Pelak-Bold.woff
Not Found: /site_statics/fonts/Pelak/otf/Pelak-Medium.otf
Not Found: /site_statics/fonts/Pelak/otf/Pelak-Bold.otf
/home/hamyarme/virtualenv/dgmenu/3.7/lib/python3.7/site-packages/django/db/models/fields/__init__.py:1419: RuntimeWarning: DateTimeField ViewOfPage.Time received a naive datetime (2022-11-03 19:36:34.499384) while time zone support is active.
  RuntimeWarning)
Not Found: /robots.txt/
Not Found: /site_statics/fonts/Pelak/woff2/Pelak-Medium.woff2
Not Found: /site_statics/css/bootstrap.min.css.map
Not Found: /site_statics/js/bootstrap.min.js.map
Not Found: /site_statics/fonts/Pelak/woff2/Pelak-Bold.woff2
Not Found: /site_statics/fonts/IRANYekan/woff/iranyekanwebboldfanum.woff
Not Found: /site_statics/fonts/Pelak/woff/Pelak-Medium.woff
Not Found: /site_statics/fonts/Pelak/woff/Pelak-Bold.woff
Not Found: /site_statics/fonts/IRANYekan/ttf/iranyekanwebboldfanum.ttf
Not Found: /site_statics/fonts/Pelak/otf/Pelak-Medium.otf
Not Found: /site_statics/fonts/Pelak/otf/Pelak-Bold.otf
/home/hamyarme/virtualenv/dgmenu/3.7/lib/python3.7/site-packages/django/db/models/fields/__init__.py:1419: RuntimeWarning: DateTimeField ViewOfPage.Time received a naive datetime (2022-11-03 19:35:26.423535) while time zone support is active.
  RuntimeWarning)
Not Found: /android-icon-144x144.png/
Not Found: /android-icon-36x36.png/
Not Found: /android-icon-48x48.png/
Not Found: /android-icon-72x72.png/
Not Found: /android-icon-96x96.png/
Not Found: /android-icon-144x144.png/
Not Found: /android-icon-192x192.png/
Not Found: /android-icon-36x36.png/
Not Found: /android-icon-48x48.png/
Not Found: /android-icon-72x72.png/
Not Found: /android-icon-96x96.png/
Not Found: /android-icon-144x144.png/
Not Found: /android-icon-192x192.png/
Not Found: /android-icon-36x36.png/
Not Found: /android-icon-48x48.png/
Not Found: /android-icon-72x72.png/
Not Found: /android-icon-96x96.png/
Not Found: /android-icon-144x144.png/
Not Found: /android-icon-192x192.png/
Not Found: /android-icon-36x36.png/
Not Found: /android-icon-48x48.png/
Not Found: /android-icon-72x72.png/
Not Found: /android-icon-96x96.png/
Not Found: /android-icon-144x144.png/
Not Found: /android-icon-192x192.png/
Not Found: /android-icon-36x36.png/
Not Found: /android-icon-48x48.png/
Not Found: /android-icon-72x72.png/
Not Found: /android-icon-96x96.png/
Not Found: /android-icon-144x144.png/
Not Found: /android-icon-192x192.png/
Not Found: /assets/img/about-video.jpg
Not Found: /assets/img/clients/client-2.png
Not Found: /assets/img/clients/client-1.png
Not Found: /assets/img/clients/client-3.png
Not Found: /assets/img/testimonials/testimonials-1.jpg
Not Found: /assets/img/testimonials/testimonials-2.jpg
Not Found: /assets/img/testimonials/testimonials-3.jpg
Not Found: /assets/img/testimonials/testimonials-4.jpg
Not Found: /site_statics/site/img/hero-bg.jpg
Not Found: /assets/img/testimonials/testimonials-5.jpg
Not Found: /assets/img/team/team-2.jpg
Not Found: /assets/img/team/team-3.jpg
Not Found: /assets/img/team/team-4.jpg
Not Found: /assets/img/testimonials/testimonials-1.jpg
Not Found: /assets/img/testimonials/testimonials-2.jpg
Not Found: /assets/img/testimonials/testimonials-3.jpg
Not Found: /assets/img/testimonials/testimonials-4.jpg
Not Found: /assets/img/clients/client-5.png
Not Found: /assets/img/clients/client-4.png
Not Found: /assets/img/clients/client-6.png
Not Found: /assets/img/testimonials/testimonials-1.jpg
Not Found: /assets/img/testimonials/testimonials-5.jpg
Not Found: /site_statics/site/js/purecounter_vanilla.js.map
Not Found: /site_statics/site/js/bootstrap.bundle.min.js.map
Not Found: /site_statics/site/js/swiper-bundle.min.js.map
Not Found: /site_statics/site/css/bootstrap.min.css.map
/home/hamyarme/virtualenv/dgmenu/3.7/lib/python3.7/site-packages/django/db/models/fields/__init__.py:1419: RuntimeWarning: DateTimeField ViewOfPage.Time received a naive datetime (2022-11-03 19:44:16.293197) while time zone support is active.
  RuntimeWarning)
Not Found: /site_statics/css/all.css
Not Found: /site_statics/css/bootstrap.min.css.map
Not Found: /site_statics/js/bootstrap.min.js.map
/home/hamyarme/virtualenv/dgmenu/3.7/lib/python3.7/site-packages/django/db/models/fields/__init__.py:1419: RuntimeWarning: DateTimeField ViewOfPage.Time received a naive datetime (2022-11-03 19:44:37.882586) while time zone support is active.
  RuntimeWarning)
Not Found: /site_statics/css/all.css
Not Found: /site_statics/css/bootstrap.min.css.map
Not Found: /site_statics/js/bootstrap.min.js.map
/home/hamyarme/virtualenv/dgmenu/3.7/lib/python3.7/site-packages/django/db/models/fields/__init__.py:1419: RuntimeWarning: DateTimeField ViewOfPage.Time received a naive datetime (2022-11-03 19:44:40.423098) while time zone support is active.
  RuntimeWarning)
Not Found: /site_statics/css/all.css
Not Found: /site_statics/css/bootstrap.min.css.map
Not Found: /site_statics/js/bootstrap.min.js.map
Not Found: /site_statics/css/all.css
/home/hamyarme/virtualenv/dgmenu/3.7/lib/python3.7/site-packages/django/db/models/fields/__init__.py:1419: RuntimeWarning: DateTimeField ViewOfPage.Time received a naive datetime (2022-11-03 19:45:37.355397) while time zone support is active.
  RuntimeWarning)
Not Found: /site_statics/css/bootstrap.min.css.map
Not Found: /site_statics/webfonts/fa-brands-400.woff2
Not Found: /site_statics/js/bootstrap.min.js.map
Not Found: /site_statics/webfonts/fa-solid-900.woff2
Not Found: /site_statics/webfonts/fa-brands-400.woff
Not Found: /site_statics/webfonts/fa-solid-900.woff
Not Found: /site_statics/webfonts/fa-brands-400.ttf
Not Found: /site_statics/webfonts/fa-solid-900.ttf
/home/hamyarme/virtualenv/dgmenu/3.7/lib/python3.7/site-packages/django/db/models/fields/__init__.py:1419: RuntimeWarning: DateTimeField ViewOfPage.Time received a naive datetime (2022-11-03 19:45:41.039079) while time zone support is active.
  RuntimeWarning)
Not Found: /site_statics/css/bootstrap.min.css.map
Not Found: /site_statics/webfonts/fa-solid-900.woff2
Not Found: /site_statics/js/bootstrap.min.js.map
Not Found: /site_statics/webfonts/fa-solid-900.woff
Not Found: /site_statics/webfonts/fa-brands-400.woff2
Not Found: /site_statics/webfonts/fa-solid-900.ttf
Not Found: /site_statics/webfonts/fa-brands-400.woff
Not Found: /site_statics/webfonts/fa-brands-400.ttf
Not Found: /android-icon-36x36.png/
/home/hamyarme/virtualenv/dgmenu/3.7/lib/python3.7/site-packages/django/db/models/fields/__init__.py:1419: RuntimeWarning: DateTimeField ViewOfPage.Time received a naive datetime (2022-11-03 19:53:39.406800) while time zone support is active.
  RuntimeWarning)
Not Found: /site_statics/webfonts/fa-solid-900.woff2
Not Found: /site_statics/webfonts/fa-brands-400.woff2
Not Found: /site_statics/webfonts/fa-solid-900.woff
Not Found: /site_statics/webfonts/fa-brands-400.woff
Not Found: /site_statics/webfonts/fa-solid-900.ttf
Not Found: /site_statics/webfonts/fa-brands-400.ttf
Not Found: /site_statics/webfonts/fa-solid-900.svg
Not Found: /site_statics/webfonts/fa-brands-400.svg
Not Found: /site_statics/webfonts/fa-regular-400.woff2
Not Found: /site_statics/webfonts/fa-regular-400.woff
Not Found: /site_statics/webfonts/fa-regular-400.ttf
Not Found: /site_statics/webfonts/fa-regular-400.svg
/home/hamyarme/virtualenv/dgmenu/3.7/lib/python3.7/site-packages/django/db/models/fields/__init__.py:1419: RuntimeWarning: DateTimeField ViewOfPage.Time received a naive datetime (2022-11-03 19:53:50.042352) while time zone support is active.
  RuntimeWarning)
Not Found: /site_statics/webfonts/fa-solid-900.woff2
Not Found: /site_statics/webfonts/fa-brands-400.woff2
Not Found: /site_statics/webfonts/fa-solid-900.woff
Not Found: /site_statics/webfonts/fa-brands-400.woff
Not Found: /site_statics/webfonts/fa-solid-900.ttf
Not Found: /site_statics/webfonts/fa-brands-400.ttf
Not Found: /site_statics/webfonts/fa-solid-900.svg
Not Found: /site_statics/webfonts/fa-brands-400.svg
Not Found: /site_statics/webfonts/fa-regular-400.woff2
Not Found: /site_statics/webfonts/fa-regular-400.woff
Not Found: /site_statics/webfonts/fa-regular-400.ttf
Not Found: /site_statics/webfonts/fa-regular-400.svg
Not Found: /assets/img/about-video.jpg
Not Found: /assets/img/clients/client-1.png
Not Found: /assets/img/clients/client-2.png
Not Found: /assets/img/clients/client-3.png
Not Found: /assets/img/clients/client-4.png
Not Found: /assets/img/clients/client-5.png
Not Found: /assets/img/clients/client-6.png
Not Found: /assets/img/testimonials/testimonials-1.jpg
Not Found: /assets/img/testimonials/testimonials-4.jpg
Not Found: /assets/img/testimonials/testimonials-3.jpg
Not Found: /assets/img/testimonials/testimonials-2.jpg
Not Found: /site_statics/site/img/hero-bg.jpg
Not Found: /assets/img/testimonials/testimonials-5.jpg
Not Found: /assets/img/team/team-2.jpg
Not Found: /assets/img/team/team-3.jpg
Not Found: /assets/img/team/team-4.jpg
Not Found: /assets/img/about-video.jpg
Not Found: /assets/img/clients/client-1.png
Not Found: /assets/img/clients/client-2.png
Not Found: /assets/img/clients/client-4.png
Not Found: /assets/img/clients/client-3.png
Not Found: /assets/img/clients/client-6.png
Not Found: /assets/img/testimonials/testimonials-1.jpg
Not Found: /assets/img/testimonials/testimonials-2.jpg
Not Found: /assets/img/clients/client-5.png
Not Found: /assets/img/testimonials/testimonials-3.jpg
Not Found: /assets/img/testimonials/testimonials-4.jpg
Not Found: /assets/img/testimonials/testimonials-5.jpg
Not Found: /assets/img/team/team-2.jpg
Not Found: /assets/img/team/team-3.jpg
Not Found: /assets/img/about-video.jpg
Not Found: /assets/img/clients/client-6.png
Not Found: /assets/img/clients/client-1.png
Not Found: /site_statics/site/img/hero-bg.jpg
Not Found: /assets/img/clients/client-2.png
Not Found: /assets/img/testimonials/testimonials-2.jpg
Not Found: /assets/img/clients/client-3.png
Not Found: /assets/img/clients/client-4.png
Not Found: /assets/img/clients/client-5.png
Not Found: /assets/img/testimonials/testimonials-1.jpg
Not Found: /assets/img/testimonials/testimonials-3.jpg
Not Found: /assets/img/team/team-2.jpg
Not Found: /assets/img/testimonials/testimonials-5.jpg
Not Found: /assets/img/team/team-3.jpg
Not Found: /assets/img/testimonials/testimonials-4.jpg
Not Found: /assets/img/team/team-4.jpg
Not Found: /site_statics/webfonts/fa-brands-400.woff2
Not Found: /site_statics/webfonts/fa-brands-400.woff
Not Found: /site_statics/webfonts/fa-brands-400.ttf
Not Found: /adminpanel/favicon.ico
Not Found: /adminpanel/category/favicon.ico
Not Found: /adminpanel/food/create/favicon.ico
Not Found: /adminpanel/settings/update/favicon.ico
Not Found: /adminpanel/about/favicon.ico
Not Found: /adminpanel/food/favicon.ico
Not Found: /assets/img/about-video.jpg
Not Found: /assets/img/clients/client-2.png
Not Found: /assets/img/testimonials/testimonials-4.jpg
/home/hamyarme/virtualenv/dgmenu/3.7/lib/python3.7/site-packages/django/db/models/fields/__init__.py:1419: RuntimeWarning: DateTimeField ViewOfPage.Time received a naive datetime (2022-11-03 23:32:39.051926) while time zone support is active.
  RuntimeWarning)
Not Found: /assets/img/clients/client-3.png
Not Found: /assets/img/team/team-3.jpg
Not Found: /assets/img/clients/client-5.png
Not Found: /assets/img/clients/client-6.png
Not Found: /assets/img/testimonials/testimonials-1.jpg
Not Found: /assets/img/testimonials/testimonials-2.jpg
Not Found: /assets/img/testimonials/testimonials-3.jpg
Not Found: /assets/img/testimonials/testimonials-5.jpg
Not Found: /assets/img/team/team-2.jpg
Not Found: /assets/img/team/team-4.jpg
Not Found: /site_statics/site/img/hero-bg.jpg
Not Found: /assets/img/clients/client-1.png
Not Found: /assets/img/clients/client-4.png
Not Found: /assets/img/testimonials/testimonials-5.jpg
Not Found: /assets/img/testimonials/testimonials-1.jpg
Not Found: /site_statics/site/js/purecounter_vanilla.js.map
Not Found: /site_statics/site/js/bootstrap.bundle.min.js.map
Not Found: /site_statics/site/js/swiper-bundle.min.js.map
Not Found: /site_statics/site/css/bootstrap.min.css.map
Not Found: /assets/img/about-video.jpg
Not Found: /assets/img/clients/client-1.png
Not Found: /assets/img/clients/client-2.png
Not Found: /assets/img/clients/client-3.png
Not Found: /assets/img/clients/client-4.png
Not Found: /assets/img/testimonials/testimonials-3.jpg
Not Found: /assets/img/testimonials/testimonials-4.jpg
Not Found: /assets/img/testimonials/testimonials-2.jpg
Not Found: /assets/img/testimonials/testimonials-5.jpg
Not Found: /assets/img/team/team-2.jpg
Not Found: /assets/img/team/team-3.jpg
Not Found: /assets/img/team/team-4.jpg
Not Found: /site_statics/site/img/hero-bg.jpg
Not Found: /assets/img/clients/client-6.png
Not Found: /site_statics/site/js/purecounter_vanilla.js.map
Not Found: /site_statics/site/js/bootstrap.bundle.min.js.map
Not Found: /assets/img/clients/client-5.png
Not Found: /assets/img/testimonials/testimonials-1.jpg
Not Found: /site_statics/site/css/bootstrap.min.css.map
Not Found: /site_statics/site/js/swiper-bundle.min.js.map
/home/hamyarme/virtualenv/dgmenu/3.7/lib/python3.7/site-packages/django/db/models/fields/__init__.py:1419: RuntimeWarning: DateTimeField ViewOfPage.Time received a naive datetime (2022-11-03 23:34:56.596900) while time zone support is active.
  RuntimeWarning)
Not Found: /site_statics/css/bootstrap.min.css.map
Not Found: /site_statics/webfonts/fa-brands-400.woff2
Not Found: /site_statics/webfonts/fa-solid-900.woff2
Not Found: /site_statics/js/bootstrap.min.js.map
Not Found: /site_statics/webfonts/fa-brands-400.woff
Not Found: /site_statics/webfonts/fa-solid-900.woff
Not Found: /site_statics/webfonts/fa-brands-400.ttf
Not Found: /site_statics/webfonts/fa-solid-900.ttf
/home/hamyarme/virtualenv/dgmenu/3.7/lib/python3.7/site-packages/django/db/models/fields/__init__.py:1419: RuntimeWarning: DateTimeField ViewOfPage.Time received a naive datetime (2022-11-03 23:36:03.413140) while time zone support is active.
  RuntimeWarning)
Not Found: /site_statics/webfonts/fa-solid-900.woff2
Not Found: /site_statics/webfonts/fa-brands-400.woff2
Not Found: /site_statics/css/bootstrap.min.css.map
Not Found: /site_statics/js/bootstrap.min.js.map
Not Found: /site_statics/webfonts/fa-solid-900.woff
Not Found: /site_statics/webfonts/fa-brands-400.woff
Not Found: /site_statics/webfonts/fa-solid-900.ttf
Not Found: /site_statics/webfonts/fa-brands-400.ttf
/home/hamyarme/virtualenv/dgmenu/3.7/lib/python3.7/site-packages/django/db/models/fields/__init__.py:1419: RuntimeWarning: DateTimeField ViewOfPage.Time received a naive datetime (2022-11-03 23:36:42.738889) while time zone support is active.
  RuntimeWarning)
Not Found: /site_statics/webfonts/fa-brands-400.woff2
Not Found: /site_statics/webfonts/fa-brands-400.woff
Not Found: /site_statics/webfonts/fa-brands-400.ttf
Not Found: /site_statics/js/bootstrap.min.js.map
Not Found: /site_statics/css/bootstrap.min.css.map
/home/hamyarme/virtualenv/dgmenu/3.7/lib/python3.7/site-packages/django/db/models/fields/__init__.py:1419: RuntimeWarning: DateTimeField ViewOfPage.Time received a naive datetime (2022-11-03 23:37:05.592252) while time zone support is active.
  RuntimeWarning)
Not Found: /site_statics/webfonts/fa-brands-400.woff2
Not Found: /site_statics/css/bootstrap.min.css.map
Not Found: /site_statics/webfonts/fa-brands-400.woff
Not Found: /site_statics/js/bootstrap.min.js.map
Not Found: /site_statics/webfonts/fa-brands-400.ttf
Not Found: /site_statics/webfonts/fa-solid-900.woff2
Not Found: /site_statics/webfonts/fa-solid-900.woff
Not Found: /site_statics/webfonts/fa-solid-900.ttf
Not Found: /site_statics/css/bootstrap.min.css.map
Not Found: /site_statics/js/bootstrap.min.js.map
Not Found: /site_statics/fonts/IRANYekan/woff/iranyekanwebextrablackfanum.woff
Not Found: /site_statics/fonts/IRANYekan/ttf/iranyekanwebextrablackfanum.ttf
Not Found: /site_statics/fonts/Pelak/woff2/Pelak-Black.woff2
Not Found: /site_statics/fonts/Pelak/woff/Pelak-Black.woff
Not Found: /site_statics/fonts/Pelak/otf/Pelak-Black.otf
/home/hamyarme/virtualenv/dgmenu/3.7/lib/python3.7/site-packages/django/db/models/fields/__init__.py:1419: RuntimeWarning: DateTimeField ViewOfPage.Time received a naive datetime (2022-11-03 23:44:58.255305) while time zone support is active.
  RuntimeWarning)
Not Found: /site_statics/css/bootstrap.min.css.map
Not Found: /site_statics/webfonts/fa-solid-900.woff2
Not Found: /site_statics/js/bootstrap.min.js.map
Not Found: /site_statics/webfonts/fa-brands-400.woff2
Not Found: /site_statics/webfonts/fa-solid-900.woff
Not Found: /site_statics/webfonts/fa-brands-400.woff
Not Found: /site_statics/webfonts/fa-solid-900.ttf
Not Found: /site_statics/webfonts/fa-brands-400.ttf
/home/hamyarme/virtualenv/dgmenu/3.7/lib/python3.7/site-packages/django/db/models/fields/__init__.py:1419: RuntimeWarning: DateTimeField ViewOfPage.Time received a naive datetime (2022-11-03 23:45:01.244184) while time zone support is active.
  RuntimeWarning)
Not Found: /site_statics/css/bootstrap.min.css.map
Not Found: /site_statics/webfonts/fa-solid-900.woff2
Not Found: /site_statics/webfonts/fa-brands-400.woff2
Not Found: /site_statics/js/bootstrap.min.js.map
Not Found: /site_statics/webfonts/fa-solid-900.woff
Not Found: /site_statics/webfonts/fa-brands-400.woff
Not Found: /site_statics/webfonts/fa-solid-900.ttf
Not Found: /site_statics/webfonts/fa-brands-400.ttf
Not Found: /assets/img/about-video.jpg
Not Found: /assets/img/clients/client-1.png
Not Found: /assets/img/clients/client-2.png
Not Found: /assets/img/clients/client-6.png
Not Found: /assets/img/testimonials/testimonials-1.jpg
Not Found: /assets/img/testimonials/testimonials-2.jpg
Not Found: /assets/img/testimonials/testimonials-3.jpg
Not Found: /assets/img/testimonials/testimonials-4.jpg
Not Found: /assets/img/testimonials/testimonials-5.jpg
Not Found: /assets/img/team/team-2.jpg
Not Found: /assets/img/team/team-3.jpg
Not Found: /assets/img/team/team-4.jpg
Not Found: /assets/img/clients/client-4.png
Not Found: /assets/img/clients/client-5.png
Not Found: /assets/img/clients/client-3.png
Not Found: /site_statics/site/img/hero-bg.jpg
Not Found: /site_statics/site/css/bootstrap.min.css.map
Not Found: /site_statics/site/js/purecounter_vanilla.js.map
Not Found: /site_statics/site/js/bootstrap.bundle.min.js.map
Not Found: /assets/img/testimonials/testimonials-5.jpg
Not Found: /assets/img/testimonials/testimonials-1.jpg
Not Found: /site_statics/site/js/swiper-bundle.min.js.map
Not Found: /assets/img/testimonials/testimonials-5.jpg
Not Found: /assets/img/testimonials/testimonials-4.jpg
Not Found: /assets/img/testimonials/testimonials-1.jpg
Not Found: /assets/img/testimonials/testimonials-3.jpg
Not Found: /assets/img/testimonials/testimonials-2.jpg
Not Found: /assets/img/testimonials/testimonials-1.jpg
Not Found: /assets/img/testimonials/testimonials-5.jpg
/home/hamyarme/virtualenv/dgmenu/3.7/lib/python3.7/site-packages/django/db/models/fields/__init__.py:1419: RuntimeWarning: DateTimeField ViewOfPage.Time received a naive datetime (2022-11-03 23:45:17.091513) while time zone support is active.
  RuntimeWarning)
Not Found: /site_statics/webfonts/fa-solid-900.woff2
Not Found: /site_statics/webfonts/fa-brands-400.woff2
Not Found: /site_statics/webfonts/fa-solid-900.woff
Not Found: /site_statics/webfonts/fa-brands-400.woff
Not Found: /site_statics/webfonts/fa-solid-900.ttf
Not Found: /site_statics/webfonts/fa-brands-400.ttf
Not Found: /robots.txt/
/home/hamyarme/virtualenv/dgmenu/3.7/lib/python3.7/site-packages/django/db/models/fields/__init__.py:1419: RuntimeWarning: DateTimeField ViewOfPage.Time received a naive datetime (2022-11-03 23:45:59.643784) while time zone support is active.
  RuntimeWarning)
Not Found: /robots.txt/
Not Found: /site_statics/webfonts/fa-solid-900.woff2
Not Found: /site_statics/webfonts/fa-brands-400.woff2
Not Found: /site_statics/webfonts/fa-solid-900.woff
Not Found: /site_statics/webfonts/fa-brands-400.woff
Not Found: /site_statics/webfonts/fa-solid-900.ttf
Not Found: /site_statics/webfonts/fa-brands-400.ttf
Not Found: /site_statics/js/bootstrap.min.js.map
Not Found: /site_statics/css/bootstrap.min.css.map
Not Found: /site_statics/js/bootstrap.min.js.map
Not Found: /site_statics/fonts/IRANYekan/woff/iranyekanwebboldfanum.woff
Not Found: /site_statics/fonts/IRANYekan/ttf/iranyekanwebboldfanum.ttf
Not Found: /site_statics/fonts/Pelak/woff2/Pelak-Bold.woff2
Not Found: /site_statics/fonts/Pelak/woff/Pelak-Bold.woff
Not Found: /site_statics/fonts/Pelak/otf/Pelak-Bold.otf
Not Found: /robots.txt/
Not Found: /site_statics/webfonts/fa-brands-400.woff2
Not Found: /site_statics/fonts/Pelak/woff2/Pelak-Medium.woff2
/home/hamyarme/virtualenv/dgmenu/3.7/lib/python3.7/site-packages/django/db/models/fields/__init__.py:1419: RuntimeWarning: DateTimeField ViewOfPage.Time received a naive datetime (2022-11-03 23:46:19.672441) while time zone support is active.
  RuntimeWarning)
Not Found: /site_statics/css/bootstrap.min.css.map
Not Found: /site_statics/webfonts/fa-brands-400.woff
Not Found: /site_statics/fonts/Pelak/woff/Pelak-Medium.woff
Not Found: /site_statics/webfonts/fa-brands-400.ttf
Not Found: /site_statics/fonts/Pelak/otf/Pelak-Medium.otf
Not Found: /site_statics/webfonts/fa-solid-900.woff2
Not Found: /site_statics/webfonts/fa-solid-900.woff
Not Found: /site_statics/webfonts/fa-solid-900.ttf
Not Found: /robots.txt/
Not Found: /site_statics/webfonts/fa-solid-900.woff2
Not Found: /site_statics/css/bootstrap.min.css.map
/home/hamyarme/virtualenv/dgmenu/3.7/lib/python3.7/site-packages/django/db/models/fields/__init__.py:1419: RuntimeWarning: DateTimeField ViewOfPage.Time received a naive datetime (2022-11-03 23:46:51.416951) while time zone support is active.
  RuntimeWarning)
Not Found: /site_statics/webfonts/fa-brands-400.woff2
Not Found: /site_statics/webfonts/fa-solid-900.woff
Not Found: /site_statics/fonts/Pelak/woff2/Pelak-Medium.woff2
Not Found: /site_statics/webfonts/fa-brands-400.woff
Not Found: /site_statics/fonts/Pelak/woff2/Pelak-Bold.woff2
Not Found: /site_statics/js/bootstrap.min.js.map
Not Found: /site_statics/fonts/Pelak/woff/Pelak-Bold.woff
Not Found: /site_statics/fonts/IRANYekan/woff/iranyekanwebboldfanum.woff
Not Found: /site_statics/fonts/Pelak/woff/Pelak-Medium.woff
Not Found: /site_statics/fonts/Pelak/otf/Pelak-Bold.otf
Not Found: /site_statics/webfonts/fa-solid-900.ttf
Not Found: /site_statics/webfonts/fa-brands-400.ttf
Not Found: /site_statics/fonts/IRANYekan/ttf/iranyekanwebboldfanum.ttf
Not Found: /site_statics/fonts/Pelak/otf/Pelak-Medium.otf
Not Found: /robots.txt/
Not Found: /assets/img/clients/client-1.png
Not Found: /assets/img/about-video.jpg
Not Found: /assets/img/clients/client-3.png
Not Found: /assets/img/clients/client-4.png
Not Found: /assets/img/clients/client-5.png
Not Found: /assets/img/clients/client-6.png
Not Found: /assets/img/testimonials/testimonials-2.jpg
Not Found: /assets/img/team/team-2.jpg
Not Found: /assets/img/team/team-3.jpg
Not Found: /assets/img/testimonials/testimonials-1.jpg
Not Found: /assets/img/team/team-4.jpg
Not Found: /assets/img/clients/client-2.png
Not Found: /assets/img/testimonials/testimonials-5.jpg
Not Found: /assets/img/testimonials/testimonials-4.jpg
Not Found: /assets/img/testimonials/testimonials-3.jpg
Not Found: /site_statics/site/img/hero-bg.jpg
Not Found: /assets/img/testimonials/testimonials-1.jpg
Not Found: /assets/img/testimonials/testimonials-2.jpg
/home/hamyarme/virtualenv/dgmenu/3.7/lib/python3.7/site-packages/django/db/models/fields/__init__.py:1419: RuntimeWarning: DateTimeField ViewOfPage.Time received a naive datetime (2022-11-03 23:54:21.689343) while time zone support is active.
  RuntimeWarning)
Not Found: /site_statics/webfonts/fa-brands-400.woff2
Not Found: /site_statics/webfonts/fa-brands-400.woff
Not Found: /site_statics/webfonts/fa-brands-400.ttf
Not Found: /site_statics/webfonts/fa-solid-900.woff2
Not Found: /site_statics/webfonts/fa-solid-900.woff
Not Found: /site_statics/webfonts/fa-solid-900.ttf
/home/hamyarme/virtualenv/dgmenu/3.7/lib/python3.7/site-packages/django/db/models/fields/__init__.py:1419: RuntimeWarning: DateTimeField ViewOfPage.Time received a naive datetime (2022-11-03 23:54:25.978611) while time zone support is active.
  RuntimeWarning)
Not Found: /site_statics/webfonts/fa-solid-900.woff2
Not Found: /site_statics/webfonts/fa-solid-900.woff
Not Found: /site_statics/webfonts/fa-brands-400.woff2
Not Found: /site_statics/webfonts/fa-solid-900.ttf
Not Found: /site_statics/webfonts/fa-brands-400.woff
Not Found: /site_statics/webfonts/fa-brands-400.ttf
/home/hamyarme/virtualenv/dgmenu/3.7/lib/python3.7/site-packages/django/db/models/fields/__init__.py:1419: RuntimeWarning: DateTimeField ViewOfPage.Time received a naive datetime (2022-11-03 23:54:29.366363) while time zone support is active.
  RuntimeWarning)
Not Found: /site_statics/webfonts/fa-solid-900.woff2
Not Found: /site_statics/webfonts/fa-brands-400.woff2
Not Found: /site_statics/webfonts/fa-solid-900.woff
Not Found: /site_statics/webfonts/fa-brands-400.woff
Not Found: /site_statics/webfonts/fa-solid-900.ttf
Not Found: /site_statics/webfonts/fa-brands-400.ttf
/home/hamyarme/virtualenv/dgmenu/3.7/lib/python3.7/site-packages/django/db/models/fields/__init__.py:1419: RuntimeWarning: DateTimeField ViewOfPage.Time received a naive datetime (2022-11-03 23:54:32.073947) while time zone support is active.
  RuntimeWarning)
Not Found: /site_statics/webfonts/fa-solid-900.woff2
Not Found: /site_statics/webfonts/fa-brands-400.woff2
Not Found: /site_statics/webfonts/fa-solid-900.woff
Not Found: /site_statics/webfonts/fa-brands-400.woff
Not Found: /site_statics/webfonts/fa-solid-900.ttf
Not Found: /site_statics/webfonts/fa-brands-400.ttf
Not Found: /site_statics/js/bootstrap.min.js.map
Not Found: /site_statics/css/bootstrap.min.css.map
Not Found: /site_statics/webfonts/fa-brands-400.woff2
Not Found: /site_statics/fonts/Pelak/woff2/Pelak-Medium.woff2
Not Found: /site_statics/webfonts/fa-solid-900.woff2
Not Found: /site_statics/css/bootstrap.min.css.map
Not Found: /site_statics/js/bootstrap.min.js.map
Not Found: /site_statics/webfonts/fa-brands-400.woff
Not Found: /site_statics/fonts/Pelak/woff/Pelak-Medium.woff
Not Found: /site_statics/webfonts/fa-solid-900.woff
Not Found: /site_statics/webfonts/fa-brands-400.ttf
Not Found: /site_statics/fonts/Pelak/otf/Pelak-Medium.otf
Not Found: /site_statics/webfonts/fa-solid-900.ttf
Not Found: /site_statics/fonts/Pelak/woff2/Pelak-Bold.woff2
Not Found: /site_statics/fonts/IRANYekan/woff/iranyekanwebboldfanum.woff
Not Found: /site_statics/fonts/Pelak/woff/Pelak-Bold.woff
Not Found: /site_statics/fonts/IRANYekan/ttf/iranyekanwebboldfanum.ttf
Not Found: /site_statics/fonts/Pelak/otf/Pelak-Bold.otf
Not Found: /site_statics/fonts/Pelak/woff2/Pelak-Bold.woff2
Not Found: /site_statics/fonts/IRANYekan/woff/iranyekanwebboldfanum.woff
Not Found: /site_statics/fonts/Pelak/woff/Pelak-Bold.woff
Not Found: /site_statics/fonts/IRANYekan/ttf/iranyekanwebboldfanum.ttf
Not Found: /site_statics/fonts/Pelak/otf/Pelak-Bold.otf
/home/hamyarme/virtualenv/dgmenu/3.7/lib/python3.7/site-packages/django/db/models/fields/__init__.py:1419: RuntimeWarning: DateTimeField ViewOfPage.Time received a naive datetime (2022-11-03 23:55:03.615263) while time zone support is active.
  RuntimeWarning)
Not Found: /site_statics/fonts/Pelak/woff2/Pelak-Medium.woff2
/home/hamyarme/virtualenv/dgmenu/3.7/lib/python3.7/site-packages/django/db/models/fields/__init__.py:1419: RuntimeWarning: DateTimeField ViewOfPage.Time received a naive datetime (2022-11-03 23:54:48.691283) while time zone support is active.
  RuntimeWarning)
Not Found: /site_statics/webfonts/fa-brands-400.woff2
Not Found: /site_statics/webfonts/fa-brands-400.woff
Not Found: /site_statics/fonts/Pelak/woff/Pelak-Medium.woff
Not Found: /site_statics/css/bootstrap.min.css.map
Not Found: /site_statics/webfonts/fa-solid-900.woff2
Not Found: /site_statics/js/bootstrap.min.js.map
Not Found: /site_statics/webfonts/fa-brands-400.ttf
Not Found: /site_statics/fonts/Pelak/otf/Pelak-Medium.otf
Not Found: /site_statics/webfonts/fa-solid-900.woff
Not Found: /site_statics/webfonts/fa-solid-900.ttf
/home/hamyarme/virtualenv/dgmenu/3.7/lib/python3.7/site-packages/django/db/models/fields/__init__.py:1419: RuntimeWarning: DateTimeField ViewOfPage.Time received a naive datetime (2022-11-03 23:56:52.195460) while time zone support is active.
  RuntimeWarning)
Not Found: /site_statics/webfonts/fa-brands-400.woff2
Not Found: /site_statics/webfonts/fa-solid-900.woff2
Not Found: /site_statics/js/bootstrap.min.js.map
Not Found: /site_statics/webfonts/fa-brands-400.woff
Not Found: /site_statics/fonts/Pelak/woff2/Pelak-Medium.woff2
Not Found: /site_statics/css/bootstrap.min.css.map
Not Found: /site_statics/fonts/Pelak/woff/Pelak-Medium.woff
Not Found: /site_statics/fonts/Pelak/otf/Pelak-Medium.otf
Not Found: /site_statics/webfonts/fa-solid-900.woff
Not Found: /site_statics/fonts/Pelak/woff2/Pelak-Bold.woff2
Not Found: /site_statics/fonts/IRANYekan/woff/iranyekanwebboldfanum.woff
Not Found: /site_statics/webfonts/fa-solid-900.ttf
Not Found: /site_statics/fonts/Pelak/woff/Pelak-Bold.woff
Not Found: /site_statics/fonts/IRANYekan/ttf/iranyekanwebboldfanum.ttf
Not Found: /site_statics/webfonts/fa-brands-400.ttf
Not Found: /site_statics/fonts/Pelak/otf/Pelak-Bold.otf
Not Found: /site_statics/css/bootstrap.min.css.map
/home/hamyarme/virtualenv/dgmenu/3.7/lib/python3.7/site-packages/django/db/models/fields/__init__.py:1419: RuntimeWarning: DateTimeField ViewOfPage.Time received a naive datetime (2022-11-04 00:00:17.633142) while time zone support is active.
  RuntimeWarning)
Not Found: /site_statics/js/bootstrap.min.js.map
Not Found: /site_statics/webfonts/fa-brands-400.woff2
Not Found: /site_statics/webfonts/fa-solid-900.woff2
Not Found: /site_statics/fonts/Pelak/woff2/Pelak-Medium.woff2
Not Found: /site_statics/fonts/Pelak/woff2/Pelak-Bold.woff2
Not Found: /site_statics/webfonts/fa-solid-900.woff
Not Found: /site_statics/fonts/Pelak/woff/Pelak-Medium.woff
Not Found: /site_statics/fonts/IRANYekan/woff/iranyekanwebboldfanum.woff
Not Found: /site_statics/webfonts/fa-brands-400.woff
Not Found: /site_statics/fonts/Pelak/woff/Pelak-Bold.woff
Not Found: /site_statics/fonts/IRANYekan/ttf/iranyekanwebboldfanum.ttf
Not Found: /site_statics/webfonts/fa-solid-900.ttf
Not Found: /site_statics/fonts/Pelak/otf/Pelak-Medium.otf
Not Found: /site_statics/webfonts/fa-brands-400.ttf
Not Found: /site_statics/fonts/Pelak/otf/Pelak-Bold.otf
Not Found: /site_statics/css/bootstrap.min.css.map
Not Found: /site_statics/js/bootstrap.min.js.map
Not Found: /site_statics/webfonts/fa-brands-400.woff2
Not Found: /site_statics/webfonts/fa-solid-900.woff2
Not Found: /site_statics/fonts/Pelak/woff2/Pelak-Medium.woff2
Not Found: /site_statics/fonts/Pelak/woff2/Pelak-Bold.woff2
Not Found: /site_statics/webfonts/fa-brands-400.woff
Not Found: /site_statics/fonts/IRANYekan/woff/iranyekanwebboldfanum.woff
Not Found: /site_statics/webfonts/fa-solid-900.woff
Not Found: /site_statics/fonts/Pelak/woff/Pelak-Medium.woff
Not Found: /site_statics/fonts/Pelak/woff/Pelak-Bold.woff
Not Found: /site_statics/webfonts/fa-brands-400.ttf
Not Found: /site_statics/fonts/IRANYekan/ttf/iranyekanwebboldfanum.ttf
Not Found: /site_statics/fonts/Pelak/otf/Pelak-Medium.otf
/home/hamyarme/virtualenv/dgmenu/3.7/lib/python3.7/site-packages/django/db/models/fields/__init__.py:1419: RuntimeWarning: DateTimeField ViewOfPage.Time received a naive datetime (2022-11-04 00:02:22.125037) while time zone support is active.
  RuntimeWarning)
Not Found: /site_statics/webfonts/fa-solid-900.ttf
Not Found: /site_statics/fonts/Pelak/otf/Pelak-Bold.otf
